<?xml version="1.0" encoding="UTF-8"?>
<!-- Generated by org.testng.reporters.JUnitXMLReporter -->
<testsuite ignored="0" hostname="DESKTOP-5TJAGBN" failures="1" tests="3" name="Test" time="0.048" errors="0" timestamp="07 4æœˆ 2024 15:24:12 GMT">
  <testcase classname="examplel.SimpleTest" name="aFastTest" time="0.0"/>
  <testcase classname="examplel.SimpleTest" name="aSlowTest" time="0.0"/>
  <testcase classname="examplel.SimpleTest" name="test1" time="0.0">
    <failure type="org.testng.TestNGException" message="
Parameter &amp;apos;url&amp;apos; is required by @Test on method test1 but has not been marked @Optional or defined
in C:\Users\Lenovo\AppData\Local\JetBrains\IntelliJIdea2020.1\temp-testng-customsuite.xml">
      <![CDATA[org.testng.TestNGException: 
Parameter 'url' is required by @Test on method test1 but has not been marked @Optional or defined
in C:\Users\Lenovo\AppData\Local\JetBrains\IntelliJIdea2020.1\temp-testng-customsuite.xml
at com.intellij.rt.testng.IDEARemoteTestNG.run(IDEARemoteTestNG.java:66)
at com.intellij.rt.testng.RemoteTestNGStarter.main(RemoteTestNGStarter.java:110)
... Removed 21 stack frames]]>
    </failure>
  </testcase> <!-- test1 -->
</testsuite> <!-- Test -->
